Added Component: Designator=C1(Capacitor_SMD_Electrolyte_2.2uF)
Added Component: Designator=C2(Capacitor_SMD_0805)
Added Component: Designator=D1(LED_SMD_0805)
Added Component: Designator=J1(USB_C_6_pin)
Added Component: Designator=R1(Resistor_SMD_0805)
Added Component: Designator=R2(Resistor_SMD_0805)
Added Component: Designator=R3(Resistor_SMD_0805)
Added Component: Designator=T1(TEST_Point_SMD)
Added Component: Designator=T2(TEST_Point_SMD)
Added Component: Designator=T3(TEST_Point_SMD)
Added Component: Designator=U1(LF33)
Added Pin To Net: NetName=GND Pin=C1-2
Added Pin To Net: NetName=+5V Pin=C2-1
Added Pin To Net: NetName=GND Pin=C2-2
Added Pin To Net: NetName=LED_Anode Pin=D1-1
Added Pin To Net: NetName=GND Pin=D1-2
Added Pin To Net: NetName=CC1 Pin=J1-A5
Added Pin To Net: NetName=+5V Pin=J1-A9
Added Pin To Net: NetName=GND Pin=J1-A12
Added Pin To Net: NetName=CC2 Pin=J1-B5
Added Pin To Net: NetName=+5V Pin=J1-B9
Added Pin To Net: NetName=GND Pin=J1-B12
Added Pin To Net: NetName=LED_Anode Pin=R1-1
Added Pin To Net: NetName=+5V Pin=R1-2
Added Pin To Net: NetName=GND Pin=R2-1
Added Pin To Net: NetName=CC1 Pin=R2-2
Added Pin To Net: NetName=GND Pin=R3-1
Added Pin To Net: NetName=CC2 Pin=R3-2
Added Pin To Net: NetName=GND Pin=T1-1
Added Pin To Net: NetName=+5V Pin=T3-1
Added Pin To Net: NetName=+5V Pin=U1-1
Added Pin To Net: NetName=GND Pin=U1-4
Added Pin To Net: NetName=+3v3 Pin=C1-1
Added Pin To Net: NetName=+3v3 Pin=T2-1
Added Pin To Net: NetName=+3v3 Pin=U1-3
Added Net: Name=+3v3
Added Class: Name=U_FoxSense_Power
Added Rule: Name=Schematic Supply Nets_2
