Change Physical Footprint: Designator=C100 Old Footprint=Capacitor_SMD_0805 New Footprint=Capacitor_SMD_0805
Change Physical Footprint: Designator=C200 Old Footprint=Capacitor_SMD_Electrolyte_2.2uF New Footprint=Capacitor_SMD_Electrolyte_2.2uF
Change Physical Footprint: Designator=C201 Old Footprint=Capacitor_SMD_0805 New Footprint=Capacitor_SMD_0805
Change Physical Footprint: Designator=C300 Old Footprint=Capacitor_SMD_0805 New Footprint=Capacitor_SMD_0805
Change Physical Footprint: Designator=C301 Old Footprint=Capacitor_SMD_0805 New Footprint=Capacitor_SMD_0805
Change Physical Footprint: Designator=C302 Old Footprint=Capacitor_SMD_0805 New Footprint=Capacitor_SMD_0805
Change Physical Footprint: Designator=C303 Old Footprint=Capacitor_SMD_0805 New Footprint=Capacitor_SMD_0805
Change Physical Footprint: Designator=C304 Old Footprint=Capacitor_SMD_0805 New Footprint=Capacitor_SMD_0805
Change Physical Footprint: Designator=C305 Old Footprint=Capacitor_SMD_0805 New Footprint=Capacitor_SMD_0805
Change Physical Footprint: Designator=C306 Old Footprint=Capacitor_SMD_0805 New Footprint=Capacitor_SMD_0805
Change Physical Footprint: Designator=C307 Old Footprint=Capacitor_SMD_0805 New Footprint=Capacitor_SMD_0805
Change Physical Footprint: Designator=C308 Old Footprint=Capacitor_SMD_0805 New Footprint=Capacitor_SMD_0805
Change Physical Footprint: Designator=D200 Old Footprint=LED_SMD_0805 New Footprint=LED_SMD_0805
Change Physical Footprint: Designator=D300 Old Footprint=LED_SMD_0805 New Footprint=LED_SMD_0805
Change Physical Footprint: Designator=J100 Old Footprint=Header15 New Footprint=Header15
Change Physical Footprint: Designator=J101 Old Footprint=Header4 New Footprint=Header4
Change Physical Footprint: Designator=J102 Old Footprint=Header15 New Footprint=Header15
Change Physical Footprint: Designator=J200 Old Footprint=USB_C_6_pin New Footprint=USB_C_6_pin
Change Physical Footprint: Designator=J300 Old Footprint=Header4 New Footprint=Header4
Change Physical Footprint: Designator=Q100 Old Footprint=LM35 New Footprint=LM35
Change Physical Footprint: Designator=R100 Old Footprint=LDR New Footprint=LDR
Change Physical Footprint: Designator=R101 Old Footprint=Resistor_SMD_0805 New Footprint=Resistor_SMD_0805
Change Physical Footprint: Designator=R200 Old Footprint=Resistor_SMD_0805 New Footprint=Resistor_SMD_0805
Change Physical Footprint: Designator=R201 Old Footprint=Resistor_SMD_0805 New Footprint=Resistor_SMD_0805
Change Physical Footprint: Designator=R202 Old Footprint=Resistor_SMD_0805 New Footprint=Resistor_SMD_0805
Change Physical Footprint: Designator=R300 Old Footprint=Resistor_SMD_0805 New Footprint=Resistor_SMD_0805
Change Physical Footprint: Designator=R301 Old Footprint=Resistor_SMD_0805 New Footprint=Resistor_SMD_0805
Change Physical Footprint: Designator=R302 Old Footprint=Resistor_SMD_0805 New Footprint=Resistor_SMD_0805
Change Physical Footprint: Designator=T200 Old Footprint=TEST_Point_SMD New Footprint=TEST_Point_SMD
Change Physical Footprint: Designator=T201 Old Footprint=TEST_Point_SMD New Footprint=TEST_Point_SMD
Change Physical Footprint: Designator=T202 Old Footprint=TEST_Point_SMD New Footprint=TEST_Point_SMD
Change Physical Footprint: Designator=T300 Old Footprint=TEST_Point_SMD New Footprint=TEST_Point_SMD
Change Physical Footprint: Designator=U200 Old Footprint=LF33 New Footprint=LF33
Change Physical Footprint: Designator=U300 Old Footprint=STM32f103c8t6_LQFP48 New Footprint=STM32f103c8t6_LQFP48
Change Physical Footprint: Designator=Y300 Old Footprint=Crystal_Resonator_SMD_XTAL New Footprint=Crystal_Resonator_SMD_XTAL
